<?xml version="1.0" encoding="UTF-8"?>
<!-- Generated by org.testng.reporters.JUnitReportReporter -->
<testsuite skipped="0" hostname="DESKTOP-ECU4VJC" name="Assignment.TestNG" tests="2" failures="0" timestamp="2023-10-28T11:07:48 IST" time="60.010" errors="0">
  <testcase name="verifyRequestDemoPage" time="32.219" classname="Assignment.TestNG"/>
  <system-out/>
  <testcase name="verifyProductsPage" time="27.791" classname="Assignment.TestNG"/>
  <system-out/>
</testsuite> <!-- Assignment.TestNG -->
