<?xml version="1.0" encoding="UTF-8"?>
<!-- Generated by org.testng.reporters.JUnitReportReporter -->
<testsuite skipped="0" hostname="DESKTOP-ECU4VJC" name="Assignment.TestNG" tests="2" failures="0" timestamp="2023-10-30T22:44:58 IST" time="198.231" errors="0">
  <testcase name="verifyProductsPage" time="53.454" classname="Assignment.TestNG"/>
  <system-out/>
  <testcase name="verifyRequestDemoPage" time="144.777" classname="Assignment.TestNG"/>
  <system-out/>
</testsuite> <!-- Assignment.TestNG -->
